2025-12-10 20:10:02.534 | INFO     | API_IA.sentiment_api:analyse_sentiment:31 - Analyse du texte: Roses are red, Violets are blue
2025-12-10 20:10:02.534 | INFO     | API_IA.sentiment_api:analyse_sentiment:34 - Resultats IA: {'neg': 0.0, 'neu': 1.0, 'pos': 0.0, 'compound': 0.0}
2025-12-10 21:58:10.614 | INFO     | API_IA.sentiment_api:analyse_sentiment:31 - Analyse du texte: Roses are red, Violets are blue
2025-12-10 21:58:10.615 | INFO     | API_IA.sentiment_api:analyse_sentiment:34 - Resultats IA: {'neg': 0.0, 'neu': 1.0, 'pos': 0.0, 'compound': 0.0}
2025-12-10 21:59:47.533 | INFO     | API_IA.sentiment_api:analyse_sentiment:31 - Analyse du texte: No Pain No Gain
2025-12-10 21:59:47.622 | INFO     | API_IA.sentiment_api:analyse_sentiment:34 - Resultats IA: {'neg': 0.694, 'neu': 0.0, 'pos': 0.306, 'compound': -0.5106}
2025-12-10 22:00:06.336 | INFO     | API_IA.sentiment_api:analyse_sentiment:31 - Analyse du texte: Le mal c'est pas bien
2025-12-10 22:00:06.337 | INFO     | API_IA.sentiment_api:analyse_sentiment:34 - Resultats IA: {'neg': 0.0, 'neu': 1.0, 'pos': 0.0, 'compound': 0.0}
2025-12-10 22:01:46.773 | INFO     | API_IA.sentiment_api:analyse_sentiment:31 - Analyse du texte: Roses are red, Violets are blue
2025-12-10 22:01:46.773 | INFO     | API_IA.sentiment_api:analyse_sentiment:34 - Resultats IA: {'neg': 0.0, 'neu': 1.0, 'pos': 0.0, 'compound': 0.0}
2025-12-10 22:02:10.600 | INFO     | API_IA.sentiment_api:analyse_sentiment:31 - Analyse du texte: No Pain No Gain
2025-12-10 22:02:10.601 | INFO     | API_IA.sentiment_api:analyse_sentiment:34 - Resultats IA: {'neg': 0.694, 'neu': 0.0, 'pos': 0.306, 'compound': -0.5106}
2025-12-10 22:16:39.345 | INFO     | API_IA.sentiment_api:analyse_sentiment:31 - Analyse du texte: Roses are red, Violets are blue
2025-12-10 22:16:39.345 | INFO     | API_IA.sentiment_api:analyse_sentiment:34 - Resultats IA: {'neg': 0.0, 'neu': 1.0, 'pos': 0.0, 'compound': 0.0}
2025-12-10 22:40:04.542 | INFO     | API_IA.sentiment_api:analyse_sentiment:31 - Analyse du texte: congratulations
2025-12-10 22:40:04.543 | INFO     | API_IA.sentiment_api:analyse_sentiment:34 - Resultats IA: {'neg': 0.0, 'neu': 0.0, 'pos': 1.0, 'compound': 0.5994}
2025-12-10 22:40:13.533 | INFO     | API_IA.sentiment_api:analyse_sentiment:31 - Analyse du texte: congratulations success
2025-12-10 22:40:13.533 | INFO     | API_IA.sentiment_api:analyse_sentiment:34 - Resultats IA: {'neg': 0.0, 'neu': 0.0, 'pos': 1.0, 'compound': 0.8225}
2025-12-10 22:40:18.648 | INFO     | API_IA.sentiment_api:analyse_sentiment:31 - Analyse du texte: congratulations success gg
2025-12-10 22:40:18.648 | INFO     | API_IA.sentiment_api:analyse_sentiment:34 - Resultats IA: {'neg': 0.0, 'neu': 0.0, 'pos': 1.0, 'compound': 0.8689}
2025-12-10 22:40:24.449 | INFO     | API_IA.sentiment_api:analyse_sentiment:31 - Analyse du texte: congratulations success gg perfect
2025-12-10 22:40:24.449 | INFO     | API_IA.sentiment_api:analyse_sentiment:34 - Resultats IA: {'neg': 0.0, 'neu': 0.0, 'pos': 1.0, 'compound': 0.926}
2025-12-10 22:40:34.034 | INFO     | API_IA.sentiment_api:analyse_sentiment:31 - Analyse du texte: congratulations success gg perfect amazing

2025-12-10 22:40:34.034 | INFO     | API_IA.sentiment_api:analyse_sentiment:34 - Resultats IA: {'neg': 0.0, 'neu': 0.0, 'pos': 1.0, 'compound': 0.9538}
2025-12-10 22:40:39.131 | INFO     | API_IA.sentiment_api:analyse_sentiment:31 - Analyse du texte: congratulations success gg perfect amazing 100

2025-12-10 22:40:39.131 | INFO     | API_IA.sentiment_api:analyse_sentiment:34 - Resultats IA: {'neg': 0.0, 'neu': 0.055, 'pos': 0.945, 'compound': 0.9538}
2025-12-10 22:40:43.550 | INFO     | API_IA.sentiment_api:analyse_sentiment:31 - Analyse du texte: congratulations success gg perfect amazing 100 wow

2025-12-10 22:40:43.550 | INFO     | API_IA.sentiment_api:analyse_sentiment:34 - Resultats IA: {'neg': 0.0, 'neu': 0.045, 'pos': 0.955, 'compound': 0.9686}
2025-12-10 22:40:48.351 | INFO     | API_IA.sentiment_api:analyse_sentiment:31 - Analyse du texte: congratulations success gg perfect amazing 100 wow yeah

2025-12-10 22:40:48.351 | INFO     | API_IA.sentiment_api:analyse_sentiment:34 - Resultats IA: {'neg': 0.0, 'neu': 0.041, 'pos': 0.959, 'compound': 0.9729}
2025-12-10 22:55:17.894 | INFO     | API_IA.sentiment_api:analyse_sentiment:31 - Analyse du texte: No pain no baguette
2025-12-10 22:55:17.895 | INFO     | API_IA.sentiment_api:analyse_sentiment:34 - Resultats IA: {'neg': 0.885, 'neu': 0.115, 'pos': 0.0, 'compound': -0.7717}
2025-12-10 22:58:33.615 | INFO     | API_IA.sentiment_api:analyse_sentiment:31 - Analyse du texte: test duplicate
2025-12-10 22:58:33.615 | INFO     | API_IA.sentiment_api:analyse_sentiment:34 - Resultats IA: {'neg': 0.0, 'neu': 1.0, 'pos': 0.0, 'compound': 0.0}
2025-12-10 22:59:57.984 | INFO     | API_IA.sentiment_api:analyse_sentiment:31 - Analyse du texte: test
2025-12-10 22:59:57.984 | INFO     | API_IA.sentiment_api:analyse_sentiment:34 - Resultats IA: {'neg': 0.0, 'neu': 1.0, 'pos': 0.0, 'compound': 0.0}
2025-12-10 23:08:52.616 | INFO     | API_IA.sentiment_api:analyse_sentiment:31 - Analyse du texte: To err is human; to forgive, divine
2025-12-10 23:08:52.617 | INFO     | API_IA.sentiment_api:analyse_sentiment:34 - Resultats IA: {'neg': 0.0, 'neu': 0.467, 'pos': 0.533, 'compound': 0.6908}
2025-12-10 23:09:01.809 | INFO     | API_IA.sentiment_api:analyse_sentiment:31 - Analyse du texte: To be or not to be, that is the question
2025-12-10 23:09:01.809 | INFO     | API_IA.sentiment_api:analyse_sentiment:34 - Resultats IA: {'neg': 0.0, 'neu': 1.0, 'pos': 0.0, 'compound': 0.0}
2025-12-10 23:09:06.526 | INFO     | API_IA.sentiment_api:analyse_sentiment:31 - Analyse du texte: Roses Are Red, Violets Are Blue
2025-12-10 23:09:06.527 | INFO     | API_IA.sentiment_api:analyse_sentiment:34 - Resultats IA: {'neg': 0.0, 'neu': 1.0, 'pos': 0.0, 'compound': 0.0}
2025-12-10 23:09:10.025 | INFO     | API_IA.sentiment_api:analyse_sentiment:31 - Analyse du texte: Tis better to have loved and lost than never to have loved at all
2025-12-10 23:09:10.026 | INFO     | API_IA.sentiment_api:analyse_sentiment:34 - Resultats IA: {'neg': 0.1, 'neu': 0.435, 'pos': 0.465, 'compound': 0.8555}
2025-12-10 23:16:17.085 | INFO     | API_IA.sentiment_api:analyse_sentiment:31 - Analyse du texte: Tell me, Mr Anderson, what good is a phone call if you're unable to speak?
2025-12-10 23:16:17.085 | INFO     | API_IA.sentiment_api:analyse_sentiment:34 - Resultats IA: {'neg': 0.0, 'neu': 0.818, 'pos': 0.182, 'compound': 0.4404}
2025-12-10 23:16:45.230 | INFO     | API_IA.sentiment_api:analyse_sentiment:31 - Analyse du texte: Never send a human to do a machine's job.
2025-12-10 23:16:45.230 | INFO     | API_IA.sentiment_api:analyse_sentiment:34 - Resultats IA: {'neg': 0.0, 'neu': 1.0, 'pos': 0.0, 'compound': 0.0}
2025-12-10 23:19:47.341 | INFO     | backend.modules.db_tools:initialize_db:155 - La base de données SQLite existe.
2025-12-10 23:19:47.343 | INFO     | backend.modules.db_tools:initialize_db:160 - Les tables de la BDD ont été vérifiées/créées.
2025-12-10 23:19:47.790 | INFO     | backend.modules.db_tools:write_db:62 - Conversion de l'entrée: DataFrame -> List[dict].
2025-12-10 23:19:47.793 | SUCCESS  | backend.modules.db_tools:write_db:89 - Écriture de 1 citation(s) dans la BDD réussie.
2025-12-10 23:22:16.421 | INFO     | backend.modules.db_tools:initialize_db:155 - La base de données SQLite existe.
2025-12-10 23:22:16.423 | INFO     | backend.modules.db_tools:initialize_db:160 - Les tables de la BDD ont été vérifiées/créées.
2025-12-10 23:22:16.815 | INFO     | backend.modules.db_tools:write_db:62 - Conversion de l'entrée: DataFrame -> List[dict].
2025-12-10 23:22:16.820 | SUCCESS  | backend.modules.db_tools:write_db:89 - Écriture de 1 citation(s) dans la BDD réussie.
2025-12-10 23:24:33.670 | INFO     | backend.modules.db_tools:initialize_db:155 - La base de données SQLite existe.
2025-12-10 23:24:33.672 | INFO     | backend.modules.db_tools:initialize_db:160 - Les tables de la BDD ont été vérifiées/créées.
2025-12-10 23:24:33.690 | INFO     | API_IA.sentiment_api:analyse_sentiment:31 - Analyse du texte: hello world
2025-12-10 23:24:33.690 | INFO     | API_IA.sentiment_api:analyse_sentiment:34 - Resultats IA: {'neg': 0.0, 'neu': 1.0, 'pos': 0.0, 'compound': 0.0}
2025-12-10 23:24:33.703 | INFO     | backend.modules.db_tools:write_db:62 - Conversion de l'entrée: DataFrame -> List[dict].
2025-12-10 23:24:33.707 | SUCCESS  | backend.modules.db_tools:write_db:89 - Écriture de 1 citation(s) dans la BDD réussie.
2025-12-10 23:26:56.310 | INFO     | API_IA.sentiment_api:analyse_sentiment:31 - Analyse du texte: congratulation
2025-12-10 23:26:56.310 | INFO     | API_IA.sentiment_api:analyse_sentiment:34 - Resultats IA: {'neg': 0.0, 'neu': 0.0, 'pos': 1.0, 'compound': 0.5994}
2025-12-10 23:29:58.047 | INFO     | API_IA.sentiment_api:analyse_sentiment:31 - Analyse du texte: congratulations
2025-12-10 23:29:58.047 | INFO     | API_IA.sentiment_api:analyse_sentiment:34 - Resultats IA: {'neg': 0.0, 'neu': 0.0, 'pos': 1.0, 'compound': 0.5994}
2025-12-10 23:39:40.875 | INFO     | backend.modules.db_tools:initialize_db:155 - La base de données SQLite existe.
2025-12-10 23:39:40.876 | INFO     | backend.modules.db_tools:initialize_db:160 - Les tables de la BDD ont été vérifiées/créées.
2025-12-10 23:39:40.901 | INFO     | API_IA.sentiment_api:analyse_sentiment:31 - Analyse du texte: congratulations
2025-12-10 23:39:40.902 | INFO     | API_IA.sentiment_api:analyse_sentiment:34 - Resultats IA: {'neg': 0.0, 'neu': 0.0, 'pos': 1.0, 'compound': 0.5994}
2025-12-10 23:39:41.275 | INFO     | backend.modules.db_tools:write_db:62 - Conversion de l'entrée: DataFrame -> List[dict].
2025-12-10 23:39:41.280 | SUCCESS  | backend.modules.db_tools:write_db:89 - Écriture de 1 citation(s) dans la BDD réussie.
2025-12-10 23:40:09.965 | INFO     | backend.modules.db_tools:initialize_db:155 - La base de données SQLite existe.
2025-12-10 23:40:09.967 | INFO     | backend.modules.db_tools:initialize_db:160 - Les tables de la BDD ont été vérifiées/créées.
2025-12-10 23:40:09.994 | INFO     | API_IA.sentiment_api:analyse_sentiment:31 - Analyse du texte: congratulations
2025-12-10 23:40:09.995 | INFO     | API_IA.sentiment_api:analyse_sentiment:34 - Resultats IA: {'neg': 0.0, 'neu': 0.0, 'pos': 1.0, 'compound': 0.5994}
2025-12-10 23:40:10.009 | INFO     | backend.modules.db_tools:write_db:62 - Conversion de l'entrée: DataFrame -> List[dict].
2025-12-10 23:40:10.014 | SUCCESS  | backend.modules.db_tools:write_db:89 - Écriture de 1 citation(s) dans la BDD réussie.
2025-12-10 23:50:49.031 | INFO     | backend.modules.db_tools:initialize_db:155 - La base de données SQLite existe.
2025-12-10 23:50:49.032 | INFO     | backend.modules.db_tools:initialize_db:160 - Les tables de la BDD ont été vérifiées/créées.
2025-12-10 23:50:49.056 | INFO     | API_IA.sentiment_api:analyse_sentiment:31 - Analyse du texte: congratulations
2025-12-10 23:50:49.056 | INFO     | API_IA.sentiment_api:analyse_sentiment:34 - Resultats IA: {'neg': 0.0, 'neu': 0.0, 'pos': 1.0, 'compound': 0.5994}
2025-12-10 23:50:49.392 | INFO     | backend.modules.db_tools:write_db:62 - Conversion de l'entrée: DataFrame -> List[dict].
2025-12-10 23:50:49.397 | SUCCESS  | backend.modules.db_tools:write_db:89 - Écriture de 1 citation(s) dans la BDD réussie.
2025-12-10 23:52:53.658 | INFO     | backend.modules.db_tools:initialize_db:155 - La base de données SQLite existe.
2025-12-10 23:52:53.660 | INFO     | backend.modules.db_tools:initialize_db:160 - Les tables de la BDD ont été vérifiées/créées.
2025-12-10 23:52:53.683 | INFO     | API_IA.sentiment_api:analyse_sentiment:31 - Analyse du texte: congratulations
2025-12-10 23:52:53.683 | INFO     | API_IA.sentiment_api:analyse_sentiment:34 - Resultats IA: {'neg': 0.0, 'neu': 0.0, 'pos': 1.0, 'compound': 0.5994}
2025-12-10 23:52:53.698 | INFO     | backend.modules.db_tools:write_db:62 - Conversion de l'entrée: DataFrame -> List[dict].
2025-12-10 23:52:53.702 | SUCCESS  | backend.modules.db_tools:write_db:89 - Écriture de 1 citation(s) dans la BDD réussie.
2025-12-11 13:52:30.307 | INFO     | API_IA.sentiment_api:analyse_sentiment:31 - Analyse du texte: I'll be back
2025-12-11 13:52:30.307 | INFO     | API_IA.sentiment_api:analyse_sentiment:34 - Resultats IA: {'neg': 0.0, 'neu': 1.0, 'pos': 0.0, 'compound': 0.0}
2025-12-11 13:52:34.818 | INFO     | API_IA.sentiment_api:analyse_sentiment:31 - Analyse du texte: Elementary, my dear Watson
2025-12-11 13:52:34.818 | INFO     | API_IA.sentiment_api:analyse_sentiment:34 - Resultats IA: {'neg': 0.0, 'neu': 0.536, 'pos': 0.464, 'compound': 0.3818}
2025-12-11 13:52:38.570 | INFO     | API_IA.sentiment_api:analyse_sentiment:31 - Analyse du texte: Are you gonna bark all day, little doggie, or are you gonna bite?
2025-12-11 13:52:38.571 | INFO     | API_IA.sentiment_api:analyse_sentiment:34 - Resultats IA: {'neg': 0.0, 'neu': 1.0, 'pos': 0.0, 'compound': 0.0}
2025-12-11 13:52:48.111 | INFO     | API_IA.sentiment_api:analyse_sentiment:31 - Analyse du texte: Tis better to have loved and lost than never to have loved at all
2025-12-11 13:52:48.112 | INFO     | API_IA.sentiment_api:analyse_sentiment:34 - Resultats IA: {'neg': 0.1, 'neu': 0.435, 'pos': 0.465, 'compound': 0.8555}
2025-12-11 13:52:57.854 | INFO     | API_IA.sentiment_api:analyse_sentiment:31 - Analyse du texte: If you want something said, ask a man; if you want something done, ask a woman
2025-12-11 13:52:57.854 | INFO     | API_IA.sentiment_api:analyse_sentiment:34 - Resultats IA: {'neg': 0.0, 'neu': 0.822, 'pos': 0.178, 'compound': 0.1531}
2025-12-11 13:53:03.914 | INFO     | API_IA.sentiment_api:analyse_sentiment:31 - Analyse du texte: I'll be back
2025-12-11 13:53:03.915 | INFO     | API_IA.sentiment_api:analyse_sentiment:34 - Resultats IA: {'neg': 0.0, 'neu': 1.0, 'pos': 0.0, 'compound': 0.0}
2025-12-11 13:53:10.388 | INFO     | API_IA.sentiment_api:analyse_sentiment:31 - Analyse du texte: If you want something said, ask a man; if you want something done, ask a woman
2025-12-11 13:53:10.389 | INFO     | API_IA.sentiment_api:analyse_sentiment:34 - Resultats IA: {'neg': 0.0, 'neu': 0.822, 'pos': 0.178, 'compound': 0.1531}
2025-12-11 13:53:21.637 | INFO     | API_IA.sentiment_api:analyse_sentiment:31 - Analyse du texte: All that glitters is not gold
2025-12-11 13:53:21.637 | INFO     | API_IA.sentiment_api:analyse_sentiment:34 - Resultats IA: {'neg': 0.0, 'neu': 1.0, 'pos': 0.0, 'compound': 0.0}
2025-12-11 13:53:24.307 | INFO     | API_IA.sentiment_api:analyse_sentiment:31 - Analyse du texte: Elementary, my dear Watson
2025-12-11 13:53:24.307 | INFO     | API_IA.sentiment_api:analyse_sentiment:34 - Resultats IA: {'neg': 0.0, 'neu': 0.536, 'pos': 0.464, 'compound': 0.3818}
2025-12-11 13:53:27.004 | INFO     | API_IA.sentiment_api:analyse_sentiment:31 - Analyse du texte: Everything that has a beginning, has an end.
2025-12-11 13:53:27.006 | INFO     | API_IA.sentiment_api:analyse_sentiment:34 - Resultats IA: {'neg': 0.0, 'neu': 1.0, 'pos': 0.0, 'compound': 0.0}
2025-12-11 13:53:31.152 | INFO     | API_IA.sentiment_api:analyse_sentiment:31 - Analyse du texte: To err is human; to forgive, divine
2025-12-11 13:53:31.153 | INFO     | API_IA.sentiment_api:analyse_sentiment:34 - Resultats IA: {'neg': 0.0, 'neu': 0.467, 'pos': 0.533, 'compound': 0.6908}
2025-12-11 14:02:58.503 | INFO     | API_IA.sentiment_api:analyse_sentiment:31 - Analyse du texte: from dusk till dawn
2025-12-11 14:02:58.503 | INFO     | API_IA.sentiment_api:analyse_sentiment:34 - Resultats IA: {'neg': 0.0, 'neu': 1.0, 'pos': 0.0, 'compound': 0.0}
2025-12-11 14:03:14.004 | INFO     | API_IA.sentiment_api:analyse_sentiment:31 - Analyse du texte: congratulations
2025-12-11 14:03:14.005 | INFO     | API_IA.sentiment_api:analyse_sentiment:34 - Resultats IA: {'neg': 0.0, 'neu': 0.0, 'pos': 1.0, 'compound': 0.5994}
